11:09:13 **** Build of configuration Debug for project Motherboard ****
make all 
Cannot run program "make": Launching failed

Error: Program "make" not found in PATH
PATH=[C:\Program Files (x86)\GNU Tools Arm Embedded\9 2019-q4-major\bin;C:/Program Files/Java/jre1.8.0_251/bin/server;C:/Program Files/Java/jre1.8.0_251/bin;C:/Program Files/Java/jre1.8.0_251/lib/amd64;C:\WINDOWS;C:\WINDOWS;C:\WINDOWS;C:\WINDOWS;C:\WINDOWS;C:\WINDOWS;C:\WINDOWS;C:\WINDOWS;C:\WINDOWS;C:\WINDOWS;C:\WINDOWS;C:\WINDOWS;C:\ProgramData\Oracle\Java\javapath;C:\WINDOWS\system32;C:\WINDOWS;C:\WINDOWS\System32\Wbem;C:\WINDOWS\System32\WindowsPowerShell\v1.0\;C:\WINDOWS\System32\OpenSSH\;C:\Program Files\Keysight\IO Libraries Suite\bin;C:\Program Files\IVI Foundation\VISA\Win64\ktvisa;C:\Program Files\IVI Foundation\VISA\Win64\bin;C:\Program Files (x86)\Keysight\IO Libraries Suite\bin;C:\Program Files (x86)\IVI Foundation\VISA\WinNT\ktvisa;C:\Program Files (x86)\IVI Foundation\VISA\WinNT\bin;C:\Program Files (x86)\IVI Foundation\IVI\bin;C:\Program Files\IVI Foundation\IVI\bin;C:\Program Files (x86)\IVI Foundation\VISA\WinNT\Bin\;C:\Program Files\IVI Foundation\VISA\Win64\Bin\;C:\Program Files (x86)\IVI Foundation\VISA\winnt\agvisa;C:\Program Files\MATLAB\R2015b\bin;C:\Program Files\Git\cmd;C:\Program Files\PuTTY\;C:\Users\jmichael\AppData\Local\Microsoft\WindowsApps;;C:\WINDOWS\System32]
11:20:37 **** Incremental Build of configuration Debug for project Motherboard ****
make all 
Cannot run program "make": Launching failed

Error: Program "make" not found in PATH
PATH=[C:\Program Files (x86)\GNU Tools Arm Embedded\9 2019-q4-major\bin;C:/Program Files/Java/jre1.8.0_251/bin/server;C:/Program Files/Java/jre1.8.0_251/bin;C:/Program Files/Java/jre1.8.0_251/lib/amd64;C:\WINDOWS;C:\WINDOWS;C:\WINDOWS;C:\WINDOWS;C:\WINDOWS;C:\WINDOWS;C:\WINDOWS;C:\WINDOWS;C:\WINDOWS;C:\WINDOWS;C:\WINDOWS;C:\WINDOWS;C:\ProgramData\Oracle\Java\javapath;C:\WINDOWS\system32;C:\WINDOWS;C:\WINDOWS\System32\Wbem;C:\WINDOWS\System32\WindowsPowerShell\v1.0\;C:\WINDOWS\System32\OpenSSH\;C:\Program Files\Keysight\IO Libraries Suite\bin;C:\Program Files\IVI Foundation\VISA\Win64\ktvisa;C:\Program Files\IVI Foundation\VISA\Win64\bin;C:\Program Files (x86)\Keysight\IO Libraries Suite\bin;C:\Program Files (x86)\IVI Foundation\VISA\WinNT\ktvisa;C:\Program Files (x86)\IVI Foundation\VISA\WinNT\bin;C:\Program Files (x86)\IVI Foundation\IVI\bin;C:\Program Files\IVI Foundation\IVI\bin;C:\Program Files (x86)\IVI Foundation\VISA\WinNT\Bin\;C:\Program Files\IVI Foundation\VISA\Win64\Bin\;C:\Program Files (x86)\IVI Foundation\VISA\winnt\agvisa;C:\Program Files\MATLAB\R2015b\bin;C:\Program Files\Git\cmd;C:\Program Files\PuTTY\;C:\Users\jmichael\AppData\Local\Microsoft\WindowsApps;;C:\WINDOWS\System32]
11:40:44 **** Incremental Build of configuration Debug for project Motherboard ****
make all 
Cannot run program "make": Launching failed

Error: Program "make" not found in PATH
PATH=[C:\Program Files (x86)\GNU Tools Arm Embedded\9 2019-q4-major\bin;C:/Program Files/Java/jre1.8.0_251/bin/server;C:/Program Files/Java/jre1.8.0_251/bin;C:/Program Files/Java/jre1.8.0_251/lib/amd64;C:\WINDOWS;C:\WINDOWS;C:\WINDOWS;C:\WINDOWS;C:\WINDOWS;C:\WINDOWS;C:\WINDOWS;C:\WINDOWS;C:\WINDOWS;C:\WINDOWS;C:\WINDOWS;C:\WINDOWS;C:\ProgramData\Oracle\Java\javapath;C:\WINDOWS\system32;C:\WINDOWS;C:\WINDOWS\System32\Wbem;C:\WINDOWS\System32\WindowsPowerShell\v1.0\;C:\WINDOWS\System32\OpenSSH\;C:\Program Files\Keysight\IO Libraries Suite\bin;C:\Program Files\IVI Foundation\VISA\Win64\ktvisa;C:\Program Files\IVI Foundation\VISA\Win64\bin;C:\Program Files (x86)\Keysight\IO Libraries Suite\bin;C:\Program Files (x86)\IVI Foundation\VISA\WinNT\ktvisa;C:\Program Files (x86)\IVI Foundation\VISA\WinNT\bin;C:\Program Files (x86)\IVI Foundation\IVI\bin;C:\Program Files\IVI Foundation\IVI\bin;C:\Program Files (x86)\IVI Foundation\VISA\WinNT\Bin\;C:\Program Files\IVI Foundation\VISA\Win64\Bin\;C:\Program Files (x86)\IVI Foundation\VISA\winnt\agvisa;C:\Program Files\MATLAB\R2015b\bin;C:\Program Files\Git\cmd;C:\Program Files\PuTTY\;C:\Users\jmichael\AppData\Local\Microsoft\WindowsApps;;C:\WINDOWS\System32]
11:59:22 **** Incremental Build of configuration Debug for project Motherboard ****
Info: Internal Builder is used for build
arm-none-eabi-gcc -mcpu=cortex-m3 -mthumb -Og -fmessage-length=0 -fsigned-char -ffunction-sections -fdata-sections -ffreestanding -fno-move-loop-invariants -Wall -Wextra -g3 -DDEBUG -DSTM32F103xB "-IC:\\Users\\jmichael\\OneDrive - Itron\\Documents\\8x8x8_RGB_LED_CUBE_MOTHERBOARD_FW\\2020-05-12 Eclipse\\Motherboard\\Drivers\\CMSIS\\Device\\ST\\STM32F1xx\\Include" "-IC:\\Users\\jmichael\\OneDrive - Itron\\Documents\\8x8x8_RGB_LED_CUBE_MOTHERBOARD_FW\\2020-05-12 Eclipse\\Motherboard\\Drivers\\CMSIS\\Include" "-IC:\\Users\\jmichael\\OneDrive - Itron\\Documents\\8x8x8_RGB_LED_CUBE_MOTHERBOARD_FW\\2020-05-12 Eclipse\\Motherboard\\Drivers\\STM32F1xx_HAL_Driver\\Inc" "-IC:\\Users\\jmichael\\OneDrive - Itron\\Documents\\8x8x8_RGB_LED_CUBE_MOTHERBOARD_FW\\2020-05-12 Eclipse\\Motherboard\\Inc" -std=gnu11 -c -o "Drivers\\STM32F1xx_HAL_Driver\\Src\\stm32f1xx_hal_mmc.o" "..\\Drivers\\STM32F1xx_HAL_Driver\\Src\\stm32f1xx_hal_mmc.c" 
arm-none-eabi-gcc -mcpu=cortex-m3 -mthumb -Og -fmessage-length=0 -fsigned-char -ffunction-sections -fdata-sections -ffreestanding -fno-move-loop-invariants -Wall -Wextra -g3 -DDEBUG -DSTM32F103xB "-IC:\\Users\\jmichael\\OneDrive - Itron\\Documents\\8x8x8_RGB_LED_CUBE_MOTHERBOARD_FW\\2020-05-12 Eclipse\\Motherboard\\Drivers\\CMSIS\\Device\\ST\\STM32F1xx\\Include" "-IC:\\Users\\jmichael\\OneDrive - Itron\\Documents\\8x8x8_RGB_LED_CUBE_MOTHERBOARD_FW\\2020-05-12 Eclipse\\Motherboard\\Drivers\\CMSIS\\Include" "-IC:\\Users\\jmichael\\OneDrive - Itron\\Documents\\8x8x8_RGB_LED_CUBE_MOTHERBOARD_FW\\2020-05-12 Eclipse\\Motherboard\\Drivers\\STM32F1xx_HAL_Driver\\Inc" "-IC:\\Users\\jmichael\\OneDrive - Itron\\Documents\\8x8x8_RGB_LED_CUBE_MOTHERBOARD_FW\\2020-05-12 Eclipse\\Motherboard\\Inc" -std=gnu11 -c -o "Drivers\\CMSIS\\DSP\\Source\\StatisticsFunctions\\arm_mean_q15.o" "..\\Drivers\\CMSIS\\DSP\\Source\\StatisticsFunctions\\arm_mean_q15.c" 
..\Drivers\CMSIS\DSP\Source\StatisticsFunctions\arm_mean_q15.c:29:10: fatal error: arm_math.h: No such file or directory
   29 | #include "arm_math.h"
      |          ^~~~~~~~~~~~
compilation terminated.
