09:34:34 **** Incremental Build of configuration Debug for project RGB_Cube_App ****
make -j8 all 
arm-none-eabi-gcc -mcpu=cortex-m3 -g3 -c -x assembler-with-cpp -MMD -MP -MF"Core/Startup/asdf_startup_stm32f103c8tx.d" -MT"Core/Startup/asdf_startup_stm32f103c8tx.o" --specs=nano.specs -mfloat-abi=soft -mthumb -o "Core/Startup/asdf_startup_stm32f103c8tx.o" "../Core/Startup/asdf_startup_stm32f103c8tx.s"
arm-none-eabi-gcc -mcpu=cortex-m3 -g3 -c -x assembler-with-cpp -MMD -MP -MF"Core/Startup/startup_stm32f103xb.d" -MT"Core/Startup/startup_stm32f103xb.o" --specs=nano.specs -mfloat-abi=soft -mthumb -o "Core/Startup/startup_stm32f103xb.o" "../Core/Startup/startup_stm32f103xb.S"
../Core/Startup/startup_stm32f103xb.S: Assembler messages:
../Core/Startup/startup_stm32f103xb.S:1: Error: junk at end of line, first unrecognized character is `*'
../Core/Startup/startup_stm32f103xb.S:2: Error: junk at end of line, first unrecognized character is `*'
../Core/Startup/startup_stm32f103xb.S:3: Error: junk at end of line, first unrecognized character is `*'
../Core/Startup/startup_stm32f103xb.S:4: Error: junk at end of line, first unrecognized character is `*'
../Core/Startup/startup_stm32f103xb.S:5: Error: junk at end of line, first unrecognized character is `*'
../Core/Startup/startup_stm32f103xb.S:6: Error: junk at end of line, first unrecognized character is `*'
../Core/Startup/startup_stm32f103xb.S:7: Error: junk at end of line, first unrecognized character is `*'
../Core/Startup/startup_stm32f103xb.S:8: Error: junk at end of line, first unrecognized character is `*'
../Core/Startup/startup_stm32f103xb.S:9: Error: junk at end of line, first unrecognized character is `*'
../Core/Startup/startup_stm32f103xb.S:10: Error: junk at end of line, first unrecognized character is `*'
../Core/Startup/startup_stm32f103xb.S:11: Error: junk at end of line, first unrecognized character is `*'
../Core/Startup/startup_stm32f103xb.S:12: Error: junk at end of line, first unrecognized character is `*'
../Core/Startup/startup_stm32f103xb.S:13: Error: junk at end of line, first unrecognized character is `*'
../Core/Startup/startup_stm32f103xb.S:14: Error: junk at end of line, first unrecognized character is `*'
../Core/Startup/startup_stm32f103xb.S:15: Error: junk at end of line, first unrecognized character is `*'
../Core/Startup/startup_stm32f103xb.S:16: Error: junk at end of line, first unrecognized character is `*'
../Core/Startup/startup_stm32f103xb.S:17: Error: junk at end of line, first unrecognized character is `*'
../Core/Startup/startup_stm32f103xb.S:18: Error: junk at end of line, first unrecognized character is `*'
../Core/Startup/startup_stm32f103xb.S:19: Error: junk at end of line, first unrecognized character is `*'
../Core/Startup/startup_stm32f103xb.S:20: Error: junk at end of line, first unrecognized character is `*'
../Core/Startup/startup_stm32f103xb.S:21: Error: junk at end of line, first unrecognized character is `*'
../Core/Startup/startup_stm32f103xb.S:21: Error: bad instruction `you may not use this file except in compliance with the'
../Core/Startup/startup_stm32f103xb.S:22: Error: junk at end of line, first unrecognized character is `*'
../Core/Startup/startup_stm32f103xb.S:23: Error: junk at end of line, first unrecognized character is `*'
../Core/Startup/startup_stm32f103xb.S:24: Error: junk at end of line, first unrecognized character is `*'
../Core/Startup/startup_stm32f103xb.S:25: Error: junk at end of line, first unrecognized character is `*'
../Core/Startup/startup_stm32f103xb.S:27: Error: bad instruction `amount of memory(in bytes)allocated for Stack'
../Core/Startup/startup_stm32f103xb.S:28: Error: bad instruction `tailor this value to your application needs'
../Core/Startup/startup_stm32f103xb.S:29: Error: junk at end of line, first unrecognized character is `<'
../Core/Startup/startup_stm32f103xb.S:30: Error: junk at end of line, first unrecognized character is `<'
../Core/Startup/startup_stm32f103xb.S:31: Error: junk at end of line, first unrecognized character is `<'
../Core/Startup/startup_stm32f103xb.S:33: Error: bad instruction `stack_size EQU 0x2000'
../Core/Startup/startup_stm32f103xb.S:35: Error: bad instruction `area STACK,NOINIT,READWRITE,ALIGN=3'
../Core/Startup/startup_stm32f103xb.S:36: Error: bad instruction `stack_mem SPACE Stack_Size'
../Core/Startup/startup_stm32f103xb.S:37: Error: bad instruction `__initial_sp'
../Core/Startup/startup_stm32f103xb.S:40: Error: junk at end of line, first unrecognized character is `<'
../Core/Startup/startup_stm32f103xb.S:41: Error: junk at end of line, first unrecognized character is `<'
../Core/Startup/startup_stm32f103xb.S:42: Error: junk at end of line, first unrecognized character is `<'
../Core/Startup/startup_stm32f103xb.S:44: Error: bad instruction `heap_size EQU 0x800'
../Core/Startup/startup_stm32f103xb.S:46: Error: bad instruction `area HEAP,NOINIT,READWRITE,ALIGN=3'
../Core/Startup/startup_stm32f103xb.S:47: Error: bad instruction `__heap_base'
../Core/Startup/startup_stm32f103xb.S:48: Error: bad instruction `heap_mem SPACE Heap_Size'
../Core/Startup/startup_stm32f103xb.S:49: Error: bad instruction `__heap_limit'
../Core/Startup/startup_stm32f103xb.S:51: Error: bad instruction `preserve8'
../Core/Startup/startup_stm32f103xb.S:52: Error: bad instruction `thumb'
../Core/Startup/startup_stm32f103xb.S:55: Error: bad instruction `vector Table Mapped to Address 0 at Reset'
../Core/Startup/startup_stm32f103xb.S:56: Error: bad instruction `area RESET,DATA,READONLY'
../Core/Startup/startup_stm32f103xb.S:57: Error: bad instruction `export __Vectors'
../Core/Startup/startup_stm32f103xb.S:58: Error: bad instruction `export __Vectors_End'
../Core/Startup/startup_stm32f103xb.S:59: Error: bad instruction `export __Vectors_Size'
../Core/Startup/startup_stm32f103xb.S:61: Error: bad instruction `__vectors DCD __initial_sp'
../Core/Startup/startup_stm32f103xb.S:61: Error: bad instruction `top of Stack'
../Core/Startup/startup_stm32f103xb.S:62: Error: bad instruction `dcd Reset_Handler'
../Core/Startup/startup_stm32f103xb.S:62: Error: bad instruction `reset Handler'
../Core/Startup/startup_stm32f103xb.S:63: Error: bad instruction `dcd NMI_Handler'
../Core/Startup/startup_stm32f103xb.S:63: Error: bad instruction `nmi Handler'
../Core/Startup/startup_stm32f103xb.S:64: Error: bad instruction `dcd HardFault_Handler'
../Core/Startup/startup_stm32f103xb.S:64: Error: bad instruction `hard Fault Handler'
../Core/Startup/startup_stm32f103xb.S:65: Error: bad instruction `dcd MemManage_Handler'
../Core/Startup/startup_stm32f103xb.S:65: Error: bad instruction `mpu Fault Handler'
../Core/Startup/startup_stm32f103xb.S:66: Error: bad instruction `dcd BusFault_Handler'
../Core/Startup/startup_stm32f103xb.S:66: Error: bad instruction `bus Fault Handler'
../Core/Startup/startup_stm32f103xb.S:67: Error: bad instruction `dcd UsageFault_Handler'
../Core/Startup/startup_stm32f103xb.S:67: Error: bad instruction `usage Fault Handler'
../Core/Startup/startup_stm32f103xb.S:68: Error: bad instruction `dcd 0'
../Core/Startup/startup_stm32f103xb.S:68: Error: bad instruction `reserved'
../Core/Startup/startup_stm32f103xb.S:69: Error: bad instruction `dcd 0'
../Core/Startup/startup_stm32f103xb.S:69: Error: bad instruction `reserved'
../Core/Startup/startup_stm32f103xb.S:70: Error: bad instruction `dcd 0'
../Core/Startup/startup_stm32f103xb.S:70: Error: bad instruction `reserved'
../Core/Startup/startup_stm32f103xb.S:71: Error: bad instruction `dcd 0'
../Core/Startup/startup_stm32f103xb.S:71: Error: bad instruction `reserved'
../Core/Startup/startup_stm32f103xb.S:72: Error: bad instruction `dcd SVC_Handler'
../Core/Startup/startup_stm32f103xb.S:72: Error: bad instruction `svcall Handler'
../Core/Startup/startup_stm32f103xb.S:73: Error: bad instruction `dcd DebugMon_Handler'
../Core/Startup/startup_stm32f103xb.S:73: Error: bad instruction `debug Monitor Handler'
../Core/Startup/startup_stm32f103xb.S:74: Error: bad instruction `dcd 0'
../Core/Startup/startup_stm32f103xb.S:74: Error: bad instruction `reserved'
../Core/Startup/startup_stm32f103xb.S:75: Error: bad instruction `dcd PendSV_Handler'
../Core/Startup/startup_stm32f103xb.S:75: Error: bad instruction `pendsv Handler'
../Core/Startup/startup_stm32f103xb.S:76: Error: bad instruction `dcd SysTick_Handler'
../Core/Startup/startup_stm32f103xb.S:76: Error: bad instruction `systick Handler'
../Core/Startup/startup_stm32f103xb.S:78: Error: bad instruction `external Interrupts'
../Core/Startup/startup_stm32f103xb.S:79: Error: bad instruction `dcd WWDG_IRQHandler'
../Core/Startup/startup_stm32f103xb.S:79: Error: bad instruction `window Watchdog'
../Core/Startup/startup_stm32f103xb.S:80: Error: bad instruction `dcd PVD_IRQHandler'
../Core/Startup/startup_stm32f103xb.S:80: Error: bad instruction `pvd through EXTI Line detect'
../Core/Startup/startup_stm32f103xb.S:81: Error: bad instruction `dcd TAMPER_IRQHandler'
../Core/Startup/startup_stm32f103xb.S:81: Error: bad instruction `tamper'
../Core/Startup/startup_stm32f103xb.S:82: Error: bad instruction `dcd RTC_IRQHandler'
../Core/Startup/startup_stm32f103xb.S:82: Error: bad instruction `rtc'
../Core/Startup/startup_stm32f103xb.S:83: Error: bad instruction `dcd FLASH_IRQHandler'
../Core/Startup/startup_stm32f103xb.S:83: Error: bad instruction `flash'
../Core/Startup/startup_stm32f103xb.S:84: Error: bad instruction `dcd RCC_IRQHandler'
../Core/Startup/startup_stm32f103xb.S:84: Error: bad instruction `rcc'
../Core/Startup/startup_stm32f103xb.S:85: Error: bad instruction `dcd EXTI0_IRQHandler'
../Core/Startup/startup_stm32f103xb.S:85: Error: bad instruction `exti Line 0'
../Core/Startup/startup_stm32f103xb.S:86: Error: bad instruction `dcd EXTI1_IRQHandler'
../Core/Startup/startup_stm32f103xb.S:86: Error: bad instruction `exti Line 1'
../Core/Startup/startup_stm32f103xb.S:87: Error: bad instruction `dcd EXTI2_IRQHandler'
../Core/Startup/startup_stm32f103xb.S:87: Error: bad instruction `exti Line 2'
../Core/Startup/startup_stm32f103xb.S:88: Error: bad instruction `dcd EXTI3_IRQHandler'
../Core/Startup/startup_stm32f103xb.S:88: Error: bad instruction `exti Line 3'
../Core/Startup/startup_stm32f103xb.S:89: Error: bad instruction `dcd EXTI4_IRQHandler'
../Core/Startup/startup_stm32f103xb.S:89: Error: bad instruction `exti Line 4'
../Core/Startup/startup_stm32f103xb.S:90: Error: bad instruction `dcd DMA1_Channel1_IRQHandler'
../Core/Startup/startup_stm32f103xb.S:90: Error: bad instruction `dma1 Channel 1'
../Core/Startup/startup_stm32f103xb.S:91: Error: bad instruction `dcd DMA1_Channel2_IRQHandler'
../Core/Startup/startup_stm32f103xb.S:91: Error: bad instruction `dma1 Channel 2'
../Core/Startup/startup_stm32f103xb.S:92: Error: bad instruction `dcd DMA1_Channel3_IRQHandler'
../Core/Startup/startup_stm32f103xb.S:92: Error: bad instruction `dma1 Channel 3'
../Core/Startup/startup_stm32f103xb.S:93: Error: bad instruction `dcd DMA1_Channel4_IRQHandler'
../Core/Startup/startup_stm32f103xb.S:93: Error: bad instruction `dma1 Channel 4'
../Core/Startup/startup_stm32f103xb.S:94: Error: bad instruction `dcd DMA1_Channel5_IRQHandler'
../Core/Startup/startup_stm32f103xb.S:94: Error: bad instruction `dma1 Channel 5'
../Core/Startup/startup_stm32f103xb.S:95: Error: bad instruction `dcd DMA1_Channel6_IRQHandler'
../Core/Startup/startup_stm32f103xb.S:95: Error: bad instruction `dma1 Channel 6'
../Core/Startup/startup_stm32f103xb.S:96: Error: bad instruction `dcd DMA1_Channel7_IRQHandler'
../Core/Startup/startup_stm32f103xb.S:96: Error: bad instruction `dma1 Channel 7'
../Core/Startup/startup_stm32f103xb.S:97: Error: bad instruction `dcd ADC1_2_IRQHandler'
../Core/Startup/startup_stm32f103xb.S:97: Error: bad instruction `adc1_2'
../Core/Startup/startup_stm32f103xb.S:98: Error: bad instruction `dcd USB_HP_CAN1_TX_IRQHandler'
../Core/Startup/startup_stm32f103xb.S:98: Error: bad instruction `usb High Priority or CAN1 TX'
../Core/Startup/startup_stm32f103xb.S:99: Error: bad instruction `dcd USB_LP_CAN1_RX0_IRQHandler'
../Core/Startup/startup_stm32f103xb.S:99: Error: bad instruction `usb Low Priority or CAN1 RX0'
../Core/Startup/startup_stm32f103xb.S:100: Error: bad instruction `dcd CAN1_RX1_IRQHandler'
../Core/Startup/startup_stm32f103xb.S:100: Error: bad instruction `can1 RX1'
../Core/Startup/startup_stm32f103xb.S:101: Error: bad instruction `dcd CAN1_SCE_IRQHandler'
../Core/Startup/startup_stm32f103xb.S:101: Error: bad instruction `can1 SCE'
../Core/Startup/startup_stm32f103xb.S:102: Error: bad instruction `dcd EXTI9_5_IRQHandler'
../Core/Startup/startup_stm32f103xb.S:102: Error: bad instruction `exti Line 9..5'
../Core/Startup/startup_stm32f103xb.S:103: Error: bad instruction `dcd TIM1_BRK_IRQHandler'
../Core/Startup/startup_stm32f103xb.S:103: Error: bad instruction `tim1 Break'
../Core/Startup/startup_stm32f103xb.S:104: Error: bad instruction `dcd TIM1_UP_IRQHandler'
../Core/Startup/startup_stm32f103xb.S:104: Error: bad instruction `tim1 Update'
../Core/Startup/startup_stm32f103xb.S:105: Error: bad instruction `dcd TIM1_TRG_COM_IRQHandler'
../Core/Startup/startup_stm32f103xb.S:105: Error: bad instruction `tim1 Trigger and Commutation'
../Core/Startup/startup_stm32f103xb.S:106: Error: bad instruction `dcd TIM1_CC_IRQHandler'
../Core/Startup/startup_stm32f103xb.S:106: Error: bad instruction `tim1 Capture Compare'
../Core/Startup/startup_stm32f103xb.S:107: Error: bad instruction `dcd TIM2_IRQHandler'
../Core/Startup/startup_stm32f103xb.S:107: Error: bad instruction `tim2'
../Core/Startup/startup_stm32f103xb.S:108: Error: bad instruction `dcd TIM3_IRQHandler'
../Core/Startup/startup_stm32f103xb.S:108: Error: bad instruction `tim3'
../Core/Startup/startup_stm32f103xb.S:109: Error: bad instruction `dcd TIM4_IRQHandler'
../Core/Startup/startup_stm32f103xb.S:109: Error: bad instruction `tim4'
../Core/Startup/startup_stm32f103xb.S:110: Error: bad instruction `dcd I2C1_EV_IRQHandler'
../Core/Startup/startup_stm32f103xb.S:110: Error: bad instruction `i2c1 Event'
../Core/Startup/startup_stm32f103xb.S:111: Error: bad instruction `dcd I2C1_ER_IRQHandler'
../Core/Startup/startup_stm32f103xb.S:111: Error: bad instruction `i2c1 Error'
../Core/Startup/startup_stm32f103xb.S:112: Error: bad instruction `dcd I2C2_EV_IRQHandler'
../Core/Startup/startup_stm32f103xb.S:112: Error: bad instruction `i2c2 Event'
../Core/Startup/startup_stm32f103xb.S:113: Error: bad instruction `dcd I2C2_ER_IRQHandler'
../Core/Startup/startup_stm32f103xb.S:113: Error: bad instruction `i2c2 Error'
../Core/Startup/startup_stm32f103xb.S:114: Error: bad instruction `dcd SPI1_IRQHandler'
../Core/Startup/startup_stm32f103xb.S:114: Error: bad instruction `spi1'
../Core/Startup/startup_stm32f103xb.S:115: Error: bad instruction `dcd SPI2_IRQHandler'
../Core/Startup/startup_stm32f103xb.S:115: Error: bad instruction `spi2'
../Core/Startup/startup_stm32f103xb.S:116: Error: bad instruction `dcd USART1_IRQHandler'
../Core/Startup/startup_stm32f103xb.S:116: Error: bad instruction `usart1'
../Core/Startup/startup_stm32f103xb.S:117: Error: bad instruction `dcd USART2_IRQHandler'
../Core/Startup/startup_stm32f103xb.S:117: Error: bad instruction `usart2'
../Core/Startup/startup_stm32f103xb.S:118: Error: bad instruction `dcd USART3_IRQHandler'
../Core/Startup/startup_stm32f103xb.S:118: Error: bad instruction `usart3'
../Core/Startup/startup_stm32f103xb.S:119: Error: bad instruction `dcd EXTI15_10_IRQHandler'
../Core/Startup/startup_stm32f103xb.S:119: Error: bad instruction `exti Line 15..10'
../Core/Startup/startup_stm32f103xb.S:120: Error: bad instruction `dcd RTC_Alarm_IRQHandler'
../Core/Startup/startup_stm32f103xb.S:120: Error: bad instruction `rtc Alarm through EXTI Line'
../Core/Startup/startup_stm32f103xb.S:121: Error: bad instruction `dcd USBWakeUp_IRQHandler'
../Core/Startup/startup_stm32f103xb.S:121: Error: bad instruction `usb Wakeup from suspend'
../Core/Startup/startup_stm32f103xb.S:122: Error: bad instruction `__vectors_end'
../Core/Startup/startup_stm32f103xb.S:124: Error: bad instruction `__vectors_size EQU __Vectors_End-__Vectors'
../Core/Startup/startup_stm32f103xb.S:126: Error: bad instruction `area |.text|,CODE,READONLY'
../Core/Startup/startup_stm32f103xb.S:128: Error: bad instruction `reset handler'
../Core/Startup/startup_stm32f103xb.S:129: Error: bad instruction `reset_handler PROC'
../Core/Startup/startup_stm32f103xb.S:130: Error: bad instruction `export Reset_Handler [WEAK]'
../Core/Startup/startup_stm32f103xb.S:131: Error: bad instruction `import __main'
../Core/Startup/startup_stm32f103xb.S:132: Error: bad instruction `import SystemInit'
../Core/Startup/startup_stm32f103xb.S:137: Error: bad instruction `endp'
../Core/Startup/startup_stm32f103xb.S:139: Error: bad instruction `dummy Exception Handlers(infinite loops which can be modified)'
../Core/Startup/startup_stm32f103xb.S:141: Error: bad instruction `nmi_handler PROC'
../Core/Startup/startup_stm32f103xb.S:142: Error: bad instruction `export NMI_Handler [WEAK]'
../Core/Startup/startup_stm32f103xb.S:144: Error: bad instruction `endp'
../Core/Startup/startup_stm32f103xb.S:145: Error: bad instruction `hardfault_handler PROC'
../Core/Startup/startup_stm32f103xb.S:147: Error: bad instruction `export HardFault_Handler [WEAK]'
../Core/Startup/startup_stm32f103xb.S:149: Error: bad instruction `endp'
../Core/Startup/startup_stm32f103xb.S:150: Error: bad instruction `memmanage_handler PROC'
../Core/Startup/startup_stm32f103xb.S:152: Error: bad instruction `export MemManage_Handler [WEAK]'
../Core/Startup/startup_stm32f103xb.S:154: Error: bad instruction `endp'
../Core/Startup/startup_stm32f103xb.S:155: Error: bad instruction `busfault_handler PROC'
../Core/Startup/startup_stm32f103xb.S:157: Error: bad instruction `export BusFault_Handler [WEAK]'
../Core/Startup/startup_stm32f103xb.S:159: Error: bad instruction `endp'
../Core/Startup/startup_stm32f103xb.S:160: Error: bad instruction `usagefault_handler PROC'
../Core/Startup/startup_stm32f103xb.S:162: Error: bad instruction `export UsageFault_Handler [WEAK]'
../Core/Startup/startup_stm32f103xb.S:164: Error: bad instruction `endp'
../Core/Startup/startup_stm32f103xb.S:165: Error: bad instruction `svc_handler PROC'
../Core/Startup/startup_stm32f103xb.S:166: Error: bad instruction `export SVC_Handler [WEAK]'
../Core/Startup/startup_stm32f103xb.S:168: Error: bad instruction `endp'
../Core/Startup/startup_stm32f103xb.S:169: Error: bad instruction `debugmon_handler PROC'
../Core/Startup/startup_stm32f103xb.S:171: Error: bad instruction `export DebugMon_Handler [WEAK]'
../Core/Startup/startup_stm32f103xb.S:173: Error: bad instruction `endp'
../Core/Startup/startup_stm32f103xb.S:174: Error: bad instruction `pendsv_handler PROC'
../Core/Startup/startup_stm32f103xb.S:175: Error: bad instruction `export PendSV_Handler [WEAK]'
../Core/Startup/startup_stm32f103xb.S:177: Error: bad instruction `endp'
../Core/Startup/startup_stm32f103xb.S:178: Error: bad instruction `systick_handler PROC'
../Core/Startup/startup_stm32f103xb.S:179: Error: bad instruction `export SysTick_Handler [WEAK]'
../Core/Startup/startup_stm32f103xb.S:181: Error: bad instruction `endp'
../Core/Startup/startup_stm32f103xb.S:183: Error: bad instruction `default_handler PROC'
../Core/Startup/startup_stm32f103xb.S:185: Error: bad instruction `export WWDG_IRQHandler [WEAK]'
../Core/Startup/startup_stm32f103xb.S:186: Error: bad instruction `export PVD_IRQHandler [WEAK]'
../Core/Startup/startup_stm32f103xb.S:187: Error: bad instruction `export TAMPER_IRQHandler [WEAK]'
../Core/Startup/startup_stm32f103xb.S:188: Error: bad instruction `export RTC_IRQHandler [WEAK]'
../Core/Startup/startup_stm32f103xb.S:189: Error: bad instruction `export FLASH_IRQHandler [WEAK]'
../Core/Startup/startup_stm32f103xb.S:190: Error: bad instruction `export RCC_IRQHandler [WEAK]'
../Core/Startup/startup_stm32f103xb.S:191: Error: bad instruction `export EXTI0_IRQHandler [WEAK]'
../Core/Startup/startup_stm32f103xb.S:192: Error: bad instruction `export EXTI1_IRQHandler [WEAK]'
../Core/Startup/startup_stm32f103xb.S:193: Error: bad instruction `export EXTI2_IRQHandler [WEAK]'
../Core/Startup/startup_stm32f103xb.S:194: Error: bad instruction `export EXTI3_IRQHandler [WEAK]'
../Core/Startup/startup_stm32f103xb.S:195: Error: bad instruction `export EXTI4_IRQHandler [WEAK]'
../Core/Startup/startup_stm32f103xb.S:196: Error: bad instruction `export DMA1_Channel1_IRQHandler [WEAK]'
../Core/Startup/startup_stm32f103xb.S:197: Error: bad instruction `export DMA1_Channel2_IRQHandler [WEAK]'
../Core/Startup/startup_stm32f103xb.S:198: Error: bad instruction `export DMA1_Channel3_IRQHandler [WEAK]'
../Core/Startup/startup_stm32f103xb.S:199: Error: bad instruction `export DMA1_Channel4_IRQHandler [WEAK]'
../Core/Startup/startup_stm32f103xb.S:200: Error: bad instruction `export DMA1_Channel5_IRQHandler [WEAK]'
../Core/Startup/startup_stm32f103xb.S:201: Error: bad instruction `export DMA1_Channel6_IRQHandler [WEAK]'
../Core/Startup/startup_stm32f103xb.S:202: Error: bad instruction `export DMA1_Channel7_IRQHandler [WEAK]'
../Core/Startup/startup_stm32f103xb.S:203: Error: bad instruction `export ADC1_2_IRQHandler [WEAK]'
../Core/Startup/startup_stm32f103xb.S:204: Error: bad instruction `export USB_HP_CAN1_TX_IRQHandler [WEAK]'
../Core/Startup/startup_stm32f103xb.S:205: Error: bad instruction `export USB_LP_CAN1_RX0_IRQHandler [WEAK]'
../Core/Startup/startup_stm32f103xb.S:206: Error: bad instruction `export CAN1_RX1_IRQHandler [WEAK]'
../Core/Startup/startup_stm32f103xb.S:207: Error: bad instruction `export CAN1_SCE_IRQHandler [WEAK]'
../Core/Startup/startup_stm32f103xb.S:208: Error: bad instruction `export EXTI9_5_IRQHandler [WEAK]'
../Core/Startup/startup_stm32f103xb.S:209: Error: bad instruction `export TIM1_BRK_IRQHandler [WEAK]'
../Core/Startup/startup_stm32f103xb.S:210: Error: bad instruction `export TIM1_UP_IRQHandler [WEAK]'
../Core/Startup/startup_stm32f103xb.S:211: Error: bad instruction `export TIM1_TRG_COM_IRQHandler [WEAK]'
../Core/Startup/startup_stm32f103xb.S:212: Error: bad instruction `export TIM1_CC_IRQHandler [WEAK]'
../Core/Startup/startup_stm32f103xb.S:213: Error: bad instruction `export TIM2_IRQHandler [WEAK]'
../Core/Startup/startup_stm32f103xb.S:214: Error: bad instruction `export TIM3_IRQHandler [WEAK]'
../Core/Startup/startup_stm32f103xb.S:215: Error: bad instruction `export TIM4_IRQHandler [WEAK]'
../Core/Startup/startup_stm32f103xb.S:216: Error: bad instruction `export I2C1_EV_IRQHandler [WEAK]'
../Core/Startup/startup_stm32f103xb.S:217: Error: bad instruction `export I2C1_ER_IRQHandler [WEAK]'
../Core/Startup/startup_stm32f103xb.S:218: Error: bad instruction `export I2C2_EV_IRQHandler [WEAK]'
../Core/Startup/startup_stm32f103xb.S:219: Error: bad instruction `export I2C2_ER_IRQHandler [WEAK]'
../Core/Startup/startup_stm32f103xb.S:220: Error: bad instruction `export SPI1_IRQHandler [WEAK]'
../Core/Startup/startup_stm32f103xb.S:221: Error: bad instruction `export SPI2_IRQHandler [WEAK]'
../Core/Startup/startup_stm32f103xb.S:222: Error: bad instruction `export USART1_IRQHandler [WEAK]'
../Core/Startup/startup_stm32f103xb.S:223: Error: bad instruction `export USART2_IRQHandler [WEAK]'
../Core/Startup/startup_stm32f103xb.S:224: Error: bad instruction `export USART3_IRQHandler [WEAK]'
../Core/Startup/startup_stm32f103xb.S:225: Error: bad instruction `export EXTI15_10_IRQHandler [WEAK]'
../Core/Startup/startup_stm32f103xb.S:226: Error: bad instruction `export RTC_Alarm_IRQHandler [WEAK]'
../Core/Startup/startup_stm32f103xb.S:227: Error: bad instruction `export USBWakeUp_IRQHandler [WEAK]'
../Core/Startup/startup_stm32f103xb.S:229: Error: bad instruction `wwdg_irqhandler'
../Core/Startup/startup_stm32f103xb.S:230: Error: bad instruction `pvd_irqhandler'
../Core/Startup/startup_stm32f103xb.S:231: Error: bad instruction `tamper_irqhandler'
../Core/Startup/startup_stm32f103xb.S:232: Error: bad instruction `rtc_irqhandler'
../Core/Startup/startup_stm32f103xb.S:233: Error: bad instruction `flash_irqhandler'
../Core/Startup/startup_stm32f103xb.S:234: Error: bad instruction `rcc_irqhandler'
../Core/Startup/startup_stm32f103xb.S:235: Error: bad instruction `exti0_irqhandler'
../Core/Startup/startup_stm32f103xb.S:236: Error: bad instruction `exti1_irqhandler'
../Core/Startup/startup_stm32f103xb.S:237: Error: bad instruction `exti2_irqhandler'
../Core/Startup/startup_stm32f103xb.S:238: Error: bad instruction `exti3_irqhandler'
../Core/Startup/startup_stm32f103xb.S:239: Error: bad instruction `exti4_irqhandler'
../Core/Startup/startup_stm32f103xb.S:240: Error: bad instruction `dma1_channel1_irqhandler'
../Core/Startup/startup_stm32f103xb.S:241: Error: bad instruction `dma1_channel2_irqhandler'
../Core/Startup/startup_stm32f103xb.S:242: Error: bad instruction `dma1_channel3_irqhandler'
../Core/Startup/startup_stm32f103xb.S:243: Error: bad instruction `dma1_channel4_irqhandler'
../Core/Startup/startup_stm32f103xb.S:244: Error: bad instruction `dma1_channel5_irqhandler'
../Core/Startup/startup_stm32f103xb.S:245: Error: bad instruction `dma1_channel6_irqhandler'
../Core/Startup/startup_stm32f103xb.S:246: Error: bad instruction `dma1_channel7_irqhandler'
../Core/Startup/startup_stm32f103xb.S:247: Error: bad instruction `adc1_2_irqhandler'
../Core/Startup/startup_stm32f103xb.S:248: Error: bad instruction `usb_hp_can1_tx_irqhandler'
../Core/Startup/startup_stm32f103xb.S:249: Error: bad instruction `usb_lp_can1_rx0_irqhandler'
../Core/Startup/startup_stm32f103xb.S:250: Error: bad instruction `can1_rx1_irqhandler'
../Core/Startup/startup_stm32f103xb.S:251: Error: bad instruction `can1_sce_irqhandler'
../Core/Startup/startup_stm32f103xb.S:252: Error: bad instruction `exti9_5_irqhandler'
../Core/Startup/startup_stm32f103xb.S:253: Error: bad instruction `tim1_brk_irqhandler'
../Core/Startup/startup_stm32f103xb.S:254: Error: bad instruction `tim1_up_irqhandler'
../Core/Startup/startup_stm32f103xb.S:255: Error: bad instruction `tim1_trg_com_irqhandler'
../Core/Startup/startup_stm32f103xb.S:256: Error: bad instruction `tim1_cc_irqhandler'
../Core/Startup/startup_stm32f103xb.S:257: Error: bad instruction `tim2_irqhandler'
../Core/Startup/startup_stm32f103xb.S:258: Error: bad instruction `tim3_irqhandler'
../Core/Startup/startup_stm32f103xb.S:259: Error: bad instruction `tim4_irqhandler'
../Core/Startup/startup_stm32f103xb.S:260: Error: bad instruction `i2c1_ev_irqhandler'
../Core/Startup/startup_stm32f103xb.S:261: Error: bad instruction `i2c1_er_irqhandler'
../Core/Startup/startup_stm32f103xb.S:262: Error: bad instruction `i2c2_ev_irqhandler'
../Core/Startup/startup_stm32f103xb.S:263: Error: bad instruction `i2c2_er_irqhandler'
../Core/Startup/startup_stm32f103xb.S:264: Error: bad instruction `spi1_irqhandler'
../Core/Startup/startup_stm32f103xb.S:265: Error: bad instruction `spi2_irqhandler'
../Core/Startup/startup_stm32f103xb.S:266: Error: bad instruction `usart1_irqhandler'
../Core/Startup/startup_stm32f103xb.S:267: Error: bad instruction `usart2_irqhandler'
../Core/Startup/startup_stm32f103xb.S:268: Error: bad instruction `usart3_irqhandler'
../Core/Startup/startup_stm32f103xb.S:269: Error: bad instruction `exti15_10_irqhandler'
../Core/Startup/startup_stm32f103xb.S:270: Error: bad instruction `rtc_alarm_irqhandler'
../Core/Startup/startup_stm32f103xb.S:271: Error: bad instruction `usbwakeup_irqhandler'
../Core/Startup/startup_stm32f103xb.S:275: Error: bad instruction `endp'
../Core/Startup/startup_stm32f103xb.S:277: Error: bad instruction `align'
../Core/Startup/startup_stm32f103xb.S:279: Error: junk at end of line, first unrecognized character is `*'
../Core/Startup/startup_stm32f103xb.S:280: Error: bad instruction `user Stack and Heap initialization'
../Core/Startup/startup_stm32f103xb.S:281: Error: junk at end of line, first unrecognized character is `*'
../Core/Startup/startup_stm32f103xb.S:282: Error: bad instruction `__microlib'
../Core/Startup/startup_stm32f103xb.S:284: Error: bad instruction `export __initial_sp'
../Core/Startup/startup_stm32f103xb.S:285: Error: bad instruction `export __heap_base'
../Core/Startup/startup_stm32f103xb.S:286: Error: bad instruction `export __heap_limit'
../Core/Startup/startup_stm32f103xb.S:288: Error: bad instruction `else'
../Core/Startup/startup_stm32f103xb.S:290: Error: bad instruction `import __use_two_region_memory'
../Core/Startup/startup_stm32f103xb.S:291: Error: bad instruction `export __user_initial_stackheap'
../Core/Startup/startup_stm32f103xb.S:293: Error: bad instruction `__user_initial_stackheap'
../Core/Startup/startup_stm32f103xb.S:296: Error: syntax error -- `ldr R1,=(Stack_Mem+Stack_Size)'
../Core/Startup/startup_stm32f103xb.S:297: Error: syntax error -- `ldr R2,=(Heap_Mem+Heap_Size)'
../Core/Startup/startup_stm32f103xb.S:301: Error: bad instruction `align'
../Core/Startup/startup_stm32f103xb.S:303: Error: bad instruction `endif'
../Core/Startup/startup_stm32f103xb.S:305: Error: bad instruction `end'
../Core/Startup/startup_stm32f103xb.S:307: Error: junk at end of line, first unrecognized character is `*'
make: *** [Core/Startup/subdir.mk:27: Core/Startup/startup_stm32f103xb.o] Error 1
"make -j8 all" terminated with exit code 2. Build might be incomplete.

09:34:36 Build Failed. 313 errors, 0 warnings. (took 2s.193ms)

